{"C:\\Users\\thyag\\OneDrive\\Desktop\\CareNet3602\\HealthApp\\app\\api\\medical-records\\route.ts": {"path":"C:\\Users\\thyag\\OneDrive\\Desktop\\CareNet3602\\HealthApp\\app\\api\\medical-records\\route.ts","statementMap":{"0":{"start":{"line":6,"column":0},"end":{"line":6,"column":22}},"1":{"start":{"line":1,"column":0},"end":{"line":1,"column":42}},"2":{"start":{"line":2,"column":0},"end":{"line":2,"column":43}},"3":{"start":{"line":3,"column":0},"end":{"line":3,"column":39}},"4":{"start":{"line":4,"column":0},"end":{"line":4,"column":34}},"5":{"start":{"line":7,"column":2},"end":{"line":46,"column":3}},"6":{"start":{"line":8,"column":20},"end":{"line":8,"column":38}},"7":{"start":{"line":9,"column":4},"end":{"line":11,"column":5}},"8":{"start":{"line":10,"column":6},"end":{"line":10,"column":null}},"9":{"start":{"line":13,"column":15},"end":{"line":13,"column":34}},"10":{"start":{"line":14,"column":37},"end":{"line":14,"column":69}},"11":{"start":{"line":16,"column":23},"end":{"line":16,"column":25}},"12":{"start":{"line":17,"column":4},"end":{"line":21,"column":5}},"13":{"start":{"line":18,"column":6},"end":{"line":18,"column":null}},"14":{"start":{"line":19,"column":11},"end":{"line":21,"column":5}},"15":{"start":{"line":20,"column":6},"end":{"line":20,"column":null}},"16":{"start":{"line":23,"column":20},"end":{"line":23,"column":96}},"17":{"start":{"line":26,"column":28},"end":{"line":26,"column":50}},"18":{"start":{"line":27,"column":29},"end":{"line":39,"column":null}},"19":{"start":{"line":28,"column":35},"end":{"line":39,"column":8}},"20":{"start":{"line":29,"column":24},"end":{"line":29,"column":113}},"21":{"start":{"line":30,"column":23},"end":{"line":30,"column":111}},"22":{"start":{"line":31,"column":8},"end":{"line":37,"column":null}},"23":{"start":{"line":42,"column":4},"end":{"line":42,"column":null}},"24":{"start":{"line":44,"column":4},"end":{"line":44,"column":null}},"25":{"start":{"line":45,"column":4},"end":{"line":45,"column":null}}},"fnMap":{"0":{"name":"GET","decl":{"start":{"line":6,"column":22},"end":{"line":6,"column":25}},"loc":{"start":{"line":6,"column":25},"end":{"line":47,"column":null}}},"1":{"name":"(anonymous_9)","decl":{"start":{"line":28,"column":18},"end":{"line":28,"column":25}},"loc":{"start":{"line":28,"column":35},"end":{"line":39,"column":8}}},"2":{"name":"(anonymous_10)","decl":{"start":{"line":28,"column":35},"end":{"line":28,"column":null}},"loc":{"start":{"line":28,"column":35},"end":{"line":39,"column":7}}}},"branchMap":{"0":{"loc":{"start":{"line":9,"column":4},"end":{"line":11,"column":5}},"type":"if","locations":[{"start":{"line":9,"column":4},"end":{"line":11,"column":5}},{"start":{},"end":{}}]},"1":{"loc":{"start":{"line":17,"column":4},"end":{"line":21,"column":5}},"type":"if","locations":[{"start":{"line":17,"column":4},"end":{"line":21,"column":5}},{"start":{"line":19,"column":11},"end":{"line":21,"column":5}}]},"2":{"loc":{"start":{"line":19,"column":11},"end":{"line":21,"column":5}},"type":"if","locations":[{"start":{"line":19,"column":11},"end":{"line":21,"column":5}},{"start":{},"end":{}}]},"3":{"loc":{"start":{"line":33,"column":15},"end":{"line":33,"column":37}},"type":"cond-expr","locations":[{"start":{"line":33,"column":25},"end":{"line":33,"column":27}},{"start":{"line":33,"column":25},"end":{"line":33,"column":37}}]},"4":{"loc":{"start":{"line":33,"column":15},"end":{"line":33,"column":27}},"type":"binary-expr","locations":[{"start":{"line":33,"column":15},"end":{"line":33,"column":27}},{"start":{"line":33,"column":25},"end":{"line":33,"column":27}}]}},"s":{"0":1,"1":1,"2":1,"3":1,"4":1,"5":4,"6":4,"7":4,"8":1,"9":3,"10":2,"11":2,"12":2,"13":1,"14":1,"15":1,"16":2,"17":2,"18":2,"19":1,"20":1,"21":1,"22":1,"23":2,"24":1,"25":1},"f":{"0":4,"1":1,"2":1},"b":{"0":[1,3],"1":[1,1],"2":[1,0],"3":[0,1],"4":[1,1]}}
,"C:\\Users\\thyag\\OneDrive\\Desktop\\CareNet3602\\HealthApp\\app\\api\\medical-records\\create\\route.ts": {"path":"C:\\Users\\thyag\\OneDrive\\Desktop\\CareNet3602\\HealthApp\\app\\api\\medical-records\\create\\route.ts","statementMap":{"0":{"start":{"line":7,"column":0},"end":{"line":7,"column":22}},"1":{"start":{"line":1,"column":0},"end":{"line":1,"column":60}},"2":{"start":{"line":2,"column":0},"end":{"line":2,"column":43}},"3":{"start":{"line":3,"column":0},"end":{"line":3,"column":39}},"4":{"start":{"line":5,"column":0},"end":{"line":5,"column":34}},"5":{"start":{"line":8,"column":2},"end":{"line":47,"column":3}},"6":{"start":{"line":9,"column":20},"end":{"line":9,"column":38}},"7":{"start":{"line":10,"column":4},"end":{"line":12,"column":5}},"8":{"start":{"line":11,"column":6},"end":{"line":11,"column":null}},"9":{"start":{"line":14,"column":17},"end":{"line":14,"column":37}},"10":{"start":{"line":15,"column":107},"end":{"line":15,"column":111}},"11":{"start":{"line":17,"column":4},"end":{"line":19,"column":5}},"12":{"start":{"line":18,"column":6},"end":{"line":18,"column":null}},"13":{"start":{"line":21,"column":15},"end":{"line":21,"column":34}},"14":{"start":{"line":22,"column":37},"end":{"line":22,"column":84}},"15":{"start":{"line":24,"column":37},"end":{"line":36,"column":null}},"16":{"start":{"line":38,"column":19},"end":{"line":38,"column":70}},"17":{"start":{"line":40,"column":4},"end":{"line":43,"column":null}},"18":{"start":{"line":45,"column":4},"end":{"line":45,"column":null}},"19":{"start":{"line":46,"column":4},"end":{"line":46,"column":null}}},"fnMap":{"0":{"name":"POST","decl":{"start":{"line":7,"column":22},"end":{"line":7,"column":26}},"loc":{"start":{"line":7,"column":47},"end":{"line":48,"column":null}}}},"branchMap":{"0":{"loc":{"start":{"line":10,"column":4},"end":{"line":12,"column":5}},"type":"if","locations":[{"start":{"line":10,"column":4},"end":{"line":12,"column":5}},{"start":{},"end":{}}]},"1":{"loc":{"start":{"line":10,"column":8},"end":{"line":10,"column":45}},"type":"binary-expr","locations":[{"start":{"line":10,"column":8},"end":{"line":10,"column":16}},{"start":{"line":10,"column":20},"end":{"line":10,"column":45}}]},"2":{"loc":{"start":{"line":17,"column":4},"end":{"line":19,"column":5}},"type":"if","locations":[{"start":{"line":17,"column":4},"end":{"line":19,"column":5}},{"start":{},"end":{}}]},"3":{"loc":{"start":{"line":17,"column":8},"end":{"line":17,"column":59}},"type":"binary-expr","locations":[{"start":{"line":17,"column":8},"end":{"line":17,"column":18}},{"start":{"line":17,"column":22},"end":{"line":17,"column":32}},{"start":{"line":17,"column":36},"end":{"line":17,"column":45}},{"start":{"line":17,"column":49},"end":{"line":17,"column":59}}]},"4":{"loc":{"start":{"line":27,"column":21},"end":{"line":27,"column":76}},"type":"cond-expr","locations":[{"start":{"line":27,"column":37},"end":{"line":27,"column":64}},{"start":{"line":27,"column":67},"end":{"line":27,"column":76}}]},"5":{"loc":{"start":{"line":29,"column":16},"end":{"line":29,"column":63}},"type":"cond-expr","locations":[{"start":{"line":29,"column":42},"end":{"line":29,"column":50}},{"start":{"line":29,"column":53},"end":{"line":29,"column":63}}]},"6":{"loc":{"start":{"line":31,"column":21},"end":{"line":31,"column":40}},"type":"binary-expr","locations":[{"start":{"line":31,"column":21},"end":{"line":31,"column":34}},{"start":{"line":31,"column":38},"end":{"line":31,"column":40}}]}},"s":{"0":1,"1":1,"2":1,"3":1,"4":1,"5":4,"6":4,"7":4,"8":1,"9":3,"10":3,"11":3,"12":1,"13":2,"14":2,"15":2,"16":2,"17":1,"18":1,"19":1},"f":{"0":4},"b":{"0":[1,3],"1":[4,4],"2":[1,2],"3":[3,2,2,2],"4":[0,2],"5":[2,0],"6":[2,0]}}
,"C:\\Users\\thyag\\OneDrive\\Desktop\\CareNet3602\\HealthApp\\app\\api\\profile\\route.ts": {"path":"C:\\Users\\thyag\\OneDrive\\Desktop\\CareNet3602\\HealthApp\\app\\api\\profile\\route.ts","statementMap":{"0":{"start":{"line":7,"column":0},"end":{"line":7,"column":22}},"1":{"start":{"line":30,"column":0},"end":{"line":30,"column":22}},"2":{"start":{"line":121,"column":0},"end":{"line":121,"column":22}},"3":{"start":{"line":1,"column":0},"end":{"line":1,"column":42}},"4":{"start":{"line":2,"column":0},"end":{"line":2,"column":43}},"5":{"start":{"line":3,"column":0},"end":{"line":3,"column":39}},"6":{"start":{"line":4,"column":0},"end":{"line":4,"column":45}},"7":{"start":{"line":5,"column":0},"end":{"line":5,"column":34}},"8":{"start":{"line":8,"column":2},"end":{"line":27,"column":3}},"9":{"start":{"line":9,"column":17},"end":{"line":9,"column":35}},"10":{"start":{"line":10,"column":4},"end":{"line":12,"column":5}},"11":{"start":{"line":11,"column":6},"end":{"line":11,"column":null}},"12":{"start":{"line":14,"column":15},"end":{"line":14,"column":34}},"13":{"start":{"line":15,"column":21},"end":{"line":17,"column":83}},"14":{"start":{"line":19,"column":4},"end":{"line":21,"column":5}},"15":{"start":{"line":20,"column":6},"end":{"line":20,"column":null}},"16":{"start":{"line":23,"column":4},"end":{"line":23,"column":null}},"17":{"start":{"line":25,"column":4},"end":{"line":25,"column":null}},"18":{"start":{"line":26,"column":4},"end":{"line":26,"column":null}},"19":{"start":{"line":31,"column":2},"end":{"line":118,"column":3}},"20":{"start":{"line":32,"column":17},"end":{"line":32,"column":35}},"21":{"start":{"line":33,"column":4},"end":{"line":35,"column":5}},"22":{"start":{"line":34,"column":6},"end":{"line":34,"column":null}},"23":{"start":{"line":37,"column":17},"end":{"line":37,"column":37}},"24":{"start":{"line":50,"column":8},"end":{"line":50,"column":12}},"25":{"start":{"line":52,"column":15},"end":{"line":52,"column":34}},"26":{"start":{"line":54,"column":28},"end":{"line":54,"column":53}},"27":{"start":{"line":56,"column":4},"end":{"line":56,"column":null}},"28":{"start":{"line":56,"column":28},"end":{"line":56,"column":null}},"29":{"start":{"line":57,"column":4},"end":{"line":57,"column":null}},"30":{"start":{"line":57,"column":29},"end":{"line":57,"column":null}},"31":{"start":{"line":58,"column":4},"end":{"line":58,"column":null}},"32":{"start":{"line":58,"column":35},"end":{"line":58,"column":null}},"33":{"start":{"line":59,"column":4},"end":{"line":59,"column":null}},"34":{"start":{"line":59,"column":30},"end":{"line":59,"column":null}},"35":{"start":{"line":60,"column":4},"end":{"line":60,"column":null}},"36":{"start":{"line":60,"column":31},"end":{"line":60,"column":null}},"37":{"start":{"line":61,"column":4},"end":{"line":61,"column":null}},"38":{"start":{"line":61,"column":33},"end":{"line":61,"column":null}},"39":{"start":{"line":62,"column":4},"end":{"line":62,"column":null}},"40":{"start":{"line":62,"column":34},"end":{"line":62,"column":null}},"41":{"start":{"line":63,"column":4},"end":{"line":63,"column":null}},"42":{"start":{"line":63,"column":38},"end":{"line":63,"column":null}},"43":{"start":{"line":64,"column":4},"end":{"line":64,"column":null}},"44":{"start":{"line":64,"column":40},"end":{"line":64,"column":null}},"45":{"start":{"line":67,"column":21},"end":{"line":67,"column":93}},"46":{"start":{"line":68,"column":4},"end":{"line":70,"column":5}},"47":{"start":{"line":69,"column":6},"end":{"line":69,"column":null}},"48":{"start":{"line":73,"column":4},"end":{"line":82,"column":5}},"49":{"start":{"line":74,"column":21},"end":{"line":74,"column":45}},"50":{"start":{"line":75,"column":30},"end":{"line":75,"column":92}},"51":{"start":{"line":77,"column":6},"end":{"line":79,"column":7}},"52":{"start":{"line":78,"column":8},"end":{"line":78,"column":null}},"53":{"start":{"line":81,"column":6},"end":{"line":81,"column":null}},"54":{"start":{"line":85,"column":66},"end":{"line":85,"column":68}},"55":{"start":{"line":86,"column":4},"end":{"line":93,"column":5}},"56":{"start":{"line":87,"column":6},"end":{"line":87,"column":38}},"57":{"start":{"line":87,"column":30},"end":{"line":87,"column":38}},"58":{"start":{"line":88,"column":22},"end":{"line":88,"column":43}},"59":{"start":{"line":89,"column":22},"end":{"line":89,"column":45}},"60":{"start":{"line":90,"column":6},"end":{"line":92,"column":7}},"61":{"start":{"line":91,"column":8},"end":{"line":91,"column":null}},"62":{"start":{"line":96,"column":22},"end":{"line":96,"column":57}},"63":{"start":{"line":97,"column":24},"end":{"line":102,"column":null}},"64":{"start":{"line":103,"column":22},"end":{"line":103,"column":55}},"65":{"start":{"line":106,"column":4},"end":{"line":106,"column":null}},"66":{"start":{"line":108,"column":24},"end":{"line":110,"column":83}},"67":{"start":{"line":114,"column":4},"end":{"line":114,"column":null}},"68":{"start":{"line":116,"column":4},"end":{"line":116,"column":null}},"69":{"start":{"line":117,"column":4},"end":{"line":117,"column":null}},"70":{"start":{"line":123,"column":2},"end":{"line":156,"column":3}},"71":{"start":{"line":124,"column":17},"end":{"line":124,"column":35}},"72":{"start":{"line":125,"column":4},"end":{"line":127,"column":5}},"73":{"start":{"line":126,"column":6},"end":{"line":126,"column":null}},"74":{"start":{"line":129,"column":17},"end":{"line":129,"column":37}},"75":{"start":{"line":130,"column":28},"end":{"line":130,"column":38}},"76":{"start":{"line":131,"column":4},"end":{"line":131,"column":null}},"77":{"start":{"line":131,"column":22},"end":{"line":131,"column":null}},"78":{"start":{"line":133,"column":15},"end":{"line":133,"column":34}},"79":{"start":{"line":134,"column":22},"end":{"line":134,"column":57}},"80":{"start":{"line":135,"column":18},"end":{"line":135,"column":40}},"81":{"start":{"line":137,"column":16},"end":{"line":137,"column":110}},"82":{"start":{"line":138,"column":4},"end":{"line":138,"column":null}},"83":{"start":{"line":138,"column":14},"end":{"line":138,"column":null}},"84":{"start":{"line":141,"column":20},"end":{"line":141,"column":38}},"85":{"start":{"line":142,"column":4},"end":{"line":142,"column":null}},"86":{"start":{"line":142,"column":17},"end":{"line":142,"column":null}},"87":{"start":{"line":144,"column":15},"end":{"line":144,"column":25}},"88":{"start":{"line":145,"column":4},"end":{"line":145,"column":22}},"89":{"start":{"line":146,"column":4},"end":{"line":146,"column":null}},"90":{"start":{"line":149,"column":4},"end":{"line":149,"column":null}},"91":{"start":{"line":151,"column":20},"end":{"line":151,"column":99}},"92":{"start":{"line":152,"column":4},"end":{"line":152,"column":null}},"93":{"start":{"line":154,"column":4},"end":{"line":154,"column":null}},"94":{"start":{"line":155,"column":4},"end":{"line":155,"column":null}}},"fnMap":{"0":{"name":"GET","decl":{"start":{"line":7,"column":22},"end":{"line":7,"column":25}},"loc":{"start":{"line":7,"column":42},"end":{"line":28,"column":null}}},"1":{"name":"PUT","decl":{"start":{"line":30,"column":22},"end":{"line":30,"column":25}},"loc":{"start":{"line":30,"column":42},"end":{"line":119,"column":null}}},"2":{"name":"(anonymous_20)","decl":{"start":{"line":74,"column":21},"end":{"line":74,"column":34}},"loc":{"start":{"line":74,"column":21},"end":{"line":74,"column":45}}},"3":{"name":"POST","decl":{"start":{"line":121,"column":22},"end":{"line":121,"column":26}},"loc":{"start":{"line":121,"column":43},"end":{"line":157,"column":null}}}},"branchMap":{"0":{"loc":{"start":{"line":10,"column":4},"end":{"line":12,"column":5}},"type":"if","locations":[{"start":{"line":10,"column":4},"end":{"line":12,"column":5}},{"start":{},"end":{}}]},"1":{"loc":{"start":{"line":19,"column":4},"end":{"line":21,"column":5}},"type":"if","locations":[{"start":{"line":19,"column":4},"end":{"line":21,"column":5}},{"start":{},"end":{}}]},"2":{"loc":{"start":{"line":33,"column":4},"end":{"line":35,"column":5}},"type":"if","locations":[{"start":{"line":33,"column":4},"end":{"line":35,"column":5}},{"start":{},"end":{}}]},"3":{"loc":{"start":{"line":56,"column":4},"end":{"line":56,"column":null}},"type":"if","locations":[{"start":{"line":56,"column":4},"end":{"line":56,"column":null}},{"start":{},"end":{}}]},"4":{"loc":{"start":{"line":57,"column":4},"end":{"line":57,"column":null}},"type":"if","locations":[{"start":{"line":57,"column":4},"end":{"line":57,"column":null}},{"start":{},"end":{}}]},"5":{"loc":{"start":{"line":58,"column":4},"end":{"line":58,"column":null}},"type":"if","locations":[{"start":{"line":58,"column":4},"end":{"line":58,"column":null}},{"start":{},"end":{}}]},"6":{"loc":{"start":{"line":59,"column":4},"end":{"line":59,"column":null}},"type":"if","locations":[{"start":{"line":59,"column":4},"end":{"line":59,"column":null}},{"start":{},"end":{}}]},"7":{"loc":{"start":{"line":60,"column":4},"end":{"line":60,"column":null}},"type":"if","locations":[{"start":{"line":60,"column":4},"end":{"line":60,"column":null}},{"start":{},"end":{}}]},"8":{"loc":{"start":{"line":61,"column":4},"end":{"line":61,"column":null}},"type":"if","locations":[{"start":{"line":61,"column":4},"end":{"line":61,"column":null}},{"start":{},"end":{}}]},"9":{"loc":{"start":{"line":62,"column":4},"end":{"line":62,"column":null}},"type":"if","locations":[{"start":{"line":62,"column":4},"end":{"line":62,"column":null}},{"start":{},"end":{}}]},"10":{"loc":{"start":{"line":63,"column":4},"end":{"line":63,"column":null}},"type":"if","locations":[{"start":{"line":63,"column":4},"end":{"line":63,"column":null}},{"start":{},"end":{}}]},"11":{"loc":{"start":{"line":64,"column":4},"end":{"line":64,"column":null}},"type":"if","locations":[{"start":{"line":64,"column":4},"end":{"line":64,"column":null}},{"start":{},"end":{}}]},"12":{"loc":{"start":{"line":68,"column":4},"end":{"line":70,"column":5}},"type":"if","locations":[{"start":{"line":68,"column":4},"end":{"line":70,"column":5}},{"start":{},"end":{}}]},"13":{"loc":{"start":{"line":73,"column":4},"end":{"line":82,"column":5}},"type":"if","locations":[{"start":{"line":73,"column":4},"end":{"line":82,"column":5}},{"start":{},"end":{}}]},"14":{"loc":{"start":{"line":73,"column":8},"end":{"line":73,"column":38}},"type":"binary-expr","locations":[{"start":{"line":73,"column":8},"end":{"line":73,"column":23}},{"start":{"line":73,"column":27},"end":{"line":73,"column":38}}]},"15":{"loc":{"start":{"line":75,"column":68},"end":{"line":75,"column":91}},"type":"binary-expr","locations":[{"start":{"line":75,"column":68},"end":{"line":75,"column":85}},{"start":{"line":75,"column":89},"end":{"line":75,"column":91}}]},"16":{"loc":{"start":{"line":77,"column":6},"end":{"line":79,"column":7}},"type":"if","locations":[{"start":{"line":77,"column":6},"end":{"line":79,"column":7}},{"start":{},"end":{}}]},"17":{"loc":{"start":{"line":87,"column":6},"end":{"line":87,"column":38}},"type":"if","locations":[{"start":{"line":87,"column":6},"end":{"line":87,"column":38}},{"start":{},"end":{}}]},"18":{"loc":{"start":{"line":90,"column":6},"end":{"line":92,"column":7}},"type":"if","locations":[{"start":{"line":90,"column":6},"end":{"line":92,"column":7}},{"start":{},"end":{}}]},"19":{"loc":{"start":{"line":90,"column":25},"end":{"line":90,"column":39}},"type":"cond-expr","locations":[{"start":{"line":90,"column":25},"end":{"line":90,"column":31}},{"start":{"line":90,"column":35},"end":{"line":90,"column":39}}]},"20":{"loc":{"start":{"line":90,"column":25},"end":{"line":90,"column":35}},"type":"binary-expr","locations":[{"start":{"line":90,"column":25},"end":{"line":90,"column":35}},{"start":{"line":90,"column":25},"end":{"line":90,"column":35}}]},"21":{"loc":{"start":{"line":90,"column":60},"end":{"line":90,"column":74}},"type":"cond-expr","locations":[{"start":{"line":90,"column":60},"end":{"line":90,"column":66}},{"start":{"line":90,"column":70},"end":{"line":90,"column":74}}]},"22":{"loc":{"start":{"line":90,"column":60},"end":{"line":90,"column":70}},"type":"binary-expr","locations":[{"start":{"line":90,"column":60},"end":{"line":90,"column":70}},{"start":{"line":90,"column":60},"end":{"line":90,"column":70}}]},"23":{"loc":{"start":{"line":91,"column":37},"end":{"line":91,"column":51}},"type":"cond-expr","locations":[{"start":{"line":91,"column":37},"end":{"line":91,"column":43}},{"start":{"line":91,"column":47},"end":{"line":91,"column":51}}]},"24":{"loc":{"start":{"line":91,"column":37},"end":{"line":91,"column":47}},"type":"binary-expr","locations":[{"start":{"line":91,"column":37},"end":{"line":91,"column":47}},{"start":{"line":91,"column":37},"end":{"line":91,"column":47}}]},"25":{"loc":{"start":{"line":91,"column":57},"end":{"line":91,"column":71}},"type":"cond-expr","locations":[{"start":{"line":91,"column":57},"end":{"line":91,"column":63}},{"start":{"line":91,"column":67},"end":{"line":91,"column":71}}]},"26":{"loc":{"start":{"line":91,"column":57},"end":{"line":91,"column":67}},"type":"binary-expr","locations":[{"start":{"line":91,"column":57},"end":{"line":91,"column":67}},{"start":{"line":91,"column":57},"end":{"line":91,"column":67}}]},"27":{"loc":{"start":{"line":125,"column":4},"end":{"line":127,"column":5}},"type":"if","locations":[{"start":{"line":125,"column":4},"end":{"line":127,"column":5}},{"start":{},"end":{}}]},"28":{"loc":{"start":{"line":130,"column":28},"end":{"line":130,"column":38}},"type":"binary-expr","locations":[{"start":{"line":130,"column":28},"end":{"line":130,"column":32}},{"start":{"line":130,"column":36},"end":{"line":130,"column":38}}]},"29":{"loc":{"start":{"line":131,"column":4},"end":{"line":131,"column":null}},"type":"if","locations":[{"start":{"line":131,"column":4},"end":{"line":131,"column":null}},{"start":{},"end":{}}]},"30":{"loc":{"start":{"line":138,"column":4},"end":{"line":138,"column":null}},"type":"if","locations":[{"start":{"line":138,"column":4},"end":{"line":138,"column":null}},{"start":{},"end":{}}]},"31":{"loc":{"start":{"line":142,"column":4},"end":{"line":142,"column":null}},"type":"if","locations":[{"start":{"line":142,"column":4},"end":{"line":142,"column":null}},{"start":{},"end":{}}]}},"s":{"0":1,"1":1,"2":1,"3":1,"4":1,"5":1,"6":1,"7":1,"8":4,"9":4,"10":3,"11":1,"12":2,"13":2,"14":2,"15":1,"16":1,"17":1,"18":1,"19":7,"20":7,"21":6,"22":1,"23":5,"24":5,"25":5,"26":5,"27":5,"28":4,"29":5,"30":2,"31":5,"32":0,"33":5,"34":0,"35":5,"36":0,"37":5,"38":0,"39":5,"40":0,"41":5,"42":0,"43":5,"44":0,"45":5,"46":5,"47":1,"48":4,"49":4,"50":2,"51":2,"52":1,"53":1,"54":3,"55":3,"56":8,"57":1,"58":7,"59":7,"60":7,"61":7,"62":3,"63":3,"64":3,"65":3,"66":3,"67":3,"68":1,"69":1,"70":6,"71":6,"72":6,"73":1,"74":5,"75":5,"76":5,"77":1,"78":4,"79":4,"80":4,"81":4,"82":3,"83":1,"84":2,"85":2,"86":1,"87":1,"88":1,"89":1,"90":1,"91":1,"92":1,"93":1,"94":1},"f":{"0":4,"1":7,"2":2,"3":6},"b":{"0":[1,2],"1":[1,1],"2":[1,5],"3":[4,1],"4":[2,3],"5":[0,5],"6":[0,5],"7":[0,5],"8":[0,5],"9":[0,5],"10":[0,5],"11":[0,5],"12":[1,4],"13":[2,2],"14":[4,2],"15":[2,0],"16":[1,1],"17":[1,7],"18":[7,0],"19":[4,3],"20":[7,7],"21":[7,0],"22":[7,7],"23":[4,3],"24":[7,7],"25":[7,0],"26":[7,7],"27":[1,5],"28":[5,0],"29":[1,4],"30":[1,2],"31":[1,1]}}
}
