TN:
SF:app\api\medical-records\route.ts
FN:6,GET
FN:28,(anonymous_9)
FN:28,(anonymous_10)
FNF:3
FNH:3
FNDA:4,GET
FNDA:1,(anonymous_9)
FNDA:1,(anonymous_10)
DA:1,1
DA:2,1
DA:3,1
DA:4,1
DA:6,1
DA:7,4
DA:8,4
DA:9,4
DA:10,1
DA:13,3
DA:14,2
DA:16,2
DA:17,2
DA:18,1
DA:19,1
DA:20,1
DA:23,2
DA:26,2
DA:27,2
DA:28,1
DA:29,1
DA:30,1
DA:31,1
DA:42,2
DA:44,1
DA:45,1
LF:26
LH:26
BRDA:9,0,0,1
BRDA:9,0,1,3
BRDA:17,1,0,1
BRDA:17,1,1,1
BRDA:19,2,0,1
BRDA:19,2,1,0
BRDA:33,3,0,0
BRDA:33,3,1,1
BRDA:33,4,0,1
BRDA:33,4,1,1
BRF:10
BRH:8
end_of_record
TN:
SF:app\api\medical-records\create\route.ts
FN:7,POST
FNF:1
FNH:1
FNDA:4,POST
DA:1,1
DA:2,1
DA:3,1
DA:5,1
DA:7,1
DA:8,4
DA:9,4
DA:10,4
DA:11,1
DA:14,3
DA:15,3
DA:17,3
DA:18,1
DA:21,2
DA:22,2
DA:24,2
DA:38,2
DA:40,1
DA:45,1
DA:46,1
LF:20
LH:20
BRDA:10,0,0,1
BRDA:10,0,1,3
BRDA:10,1,0,4
BRDA:10,1,1,4
BRDA:17,2,0,1
BRDA:17,2,1,2
BRDA:17,3,0,3
BRDA:17,3,1,2
BRDA:17,3,2,2
BRDA:17,3,3,2
BRDA:27,4,0,0
BRDA:27,4,1,2
BRDA:29,5,0,2
BRDA:29,5,1,0
BRDA:31,6,0,2
BRDA:31,6,1,0
BRF:16
BRH:13
end_of_record
TN:
SF:app\api\profile\route.ts
FN:7,GET
FN:30,PUT
FN:74,(anonymous_20)
FN:121,POST
FNF:4
FNH:4
FNDA:4,GET
FNDA:7,PUT
FNDA:2,(anonymous_20)
FNDA:6,POST
DA:1,1
DA:2,1
DA:3,1
DA:4,1
DA:5,1
DA:7,1
DA:8,4
DA:9,4
DA:10,3
DA:11,1
DA:14,2
DA:15,2
DA:19,2
DA:20,1
DA:23,1
DA:25,1
DA:26,1
DA:30,1
DA:31,7
DA:32,7
DA:33,6
DA:34,1
DA:37,5
DA:50,5
DA:52,5
DA:54,5
DA:56,5
DA:57,5
DA:58,5
DA:59,5
DA:60,5
DA:61,5
DA:62,5
DA:63,5
DA:64,5
DA:67,5
DA:68,5
DA:69,1
DA:73,4
DA:74,4
DA:75,2
DA:77,2
DA:78,1
DA:81,1
DA:85,3
DA:86,3
DA:87,8
DA:88,7
DA:89,7
DA:90,7
DA:91,7
DA:96,3
DA:97,3
DA:103,3
DA:106,3
DA:108,3
DA:114,3
DA:116,1
DA:117,1
DA:121,1
DA:123,6
DA:124,6
DA:125,6
DA:126,1
DA:129,5
DA:130,5
DA:131,5
DA:133,4
DA:134,4
DA:135,4
DA:137,4
DA:138,3
DA:141,2
DA:142,2
DA:144,1
DA:145,1
DA:146,1
DA:149,1
DA:151,1
DA:152,1
DA:154,1
DA:155,1
LF:82
LH:82
BRDA:10,0,0,1
BRDA:10,0,1,2
BRDA:19,1,0,1
BRDA:19,1,1,1
BRDA:33,2,0,1
BRDA:33,2,1,5
BRDA:56,3,0,4
BRDA:56,3,1,1
BRDA:57,4,0,2
BRDA:57,4,1,3
BRDA:58,5,0,0
BRDA:58,5,1,5
BRDA:59,6,0,0
BRDA:59,6,1,5
BRDA:60,7,0,0
BRDA:60,7,1,5
BRDA:61,8,0,0
BRDA:61,8,1,5
BRDA:62,9,0,0
BRDA:62,9,1,5
BRDA:63,10,0,0
BRDA:63,10,1,5
BRDA:64,11,0,0
BRDA:64,11,1,5
BRDA:68,12,0,1
BRDA:68,12,1,4
BRDA:73,13,0,2
BRDA:73,13,1,2
BRDA:73,14,0,4
BRDA:73,14,1,2
BRDA:75,15,0,2
BRDA:75,15,1,0
BRDA:77,16,0,1
BRDA:77,16,1,1
BRDA:87,17,0,1
BRDA:87,17,1,7
BRDA:90,18,0,7
BRDA:90,18,1,0
BRDA:90,19,0,4
BRDA:90,19,1,3
BRDA:90,20,0,7
BRDA:90,20,1,7
BRDA:90,21,0,7
BRDA:90,21,1,0
BRDA:90,22,0,7
BRDA:90,22,1,7
BRDA:91,23,0,4
BRDA:91,23,1,3
BRDA:91,24,0,7
BRDA:91,24,1,7
BRDA:91,25,0,7
BRDA:91,25,1,0
BRDA:91,26,0,7
BRDA:91,26,1,7
BRDA:125,27,0,1
BRDA:125,27,1,5
BRDA:130,28,0,5
BRDA:130,28,1,0
BRDA:131,29,0,1
BRDA:131,29,1,4
BRDA:138,30,0,1
BRDA:138,30,1,2
BRDA:142,31,0,1
BRDA:142,31,1,1
BRF:64
BRH:52
end_of_record
