TN:
SF:app\api\medical-records\route.ts
FN:6,GET
FN:28,(anonymous_9)
FN:28,(anonymous_10)
FNF:3
FNH:3
FNDA:4,GET
FNDA:1,(anonymous_9)
FNDA:1,(anonymous_10)
DA:1,1
DA:2,1
DA:3,1
DA:4,1
DA:6,1
DA:7,4
DA:8,4
DA:9,4
DA:10,1
DA:13,3
DA:14,2
DA:16,2
DA:17,2
DA:18,1
DA:19,1
DA:20,1
DA:23,2
DA:26,2
DA:27,2
DA:28,1
DA:29,1
DA:30,1
DA:31,1
DA:42,2
DA:44,1
DA:45,1
LF:26
LH:26
BRDA:9,0,0,1
BRDA:9,0,1,3
BRDA:17,1,0,1
BRDA:17,1,1,1
BRDA:19,2,0,1
BRDA:19,2,1,0
BRDA:33,3,0,0
BRDA:33,3,1,1
BRDA:33,4,0,1
BRDA:33,4,1,1
BRF:10
BRH:8
end_of_record
TN:
SF:app\api\medical-records\create\route.ts
FN:7,POST
FNF:1
FNH:1
FNDA:4,POST
DA:1,1
DA:2,1
DA:3,1
DA:5,1
DA:7,1
DA:8,4
DA:9,4
DA:10,4
DA:11,1
DA:14,3
DA:15,3
DA:17,3
DA:18,1
DA:21,2
DA:22,2
DA:24,2
DA:38,2
DA:40,1
DA:45,1
DA:46,1
LF:20
LH:20
BRDA:10,0,0,1
BRDA:10,0,1,3
BRDA:10,1,0,4
BRDA:10,1,1,4
BRDA:17,2,0,1
BRDA:17,2,1,2
BRDA:17,3,0,3
BRDA:17,3,1,2
BRDA:17,3,2,2
BRDA:17,3,3,2
BRDA:27,4,0,0
BRDA:27,4,1,2
BRDA:29,5,0,2
BRDA:29,5,1,0
BRDA:31,6,0,2
BRDA:31,6,1,0
BRF:16
BRH:13
end_of_record
